<?xml version="1.0" encoding="UTF-8"?>
<testng-results skipped="0" failed="0" ignored="0" total="1" passed="1">
  <reporter-output>
  </reporter-output>
  <suite name="Example test run" duration-ms="47" started-at="2019-03-26T06:50:52Z" finished-at="2019-03-26T06:50:52Z">
    <groups>
    </groups>
    <test name="Simple Test" duration-ms="47" started-at="2019-03-26T06:50:52Z" finished-at="2019-03-26T06:50:52Z">
      <class name="day2_DevOps.DevOps_Integration">
        <test-method status="PASS" signature="firstDevOpsTest()[pri:0, instance:day2_DevOps.DevOps_Integration@ea4a92b]" name="firstDevOpsTest" duration-ms="21" started-at="2019-03-26T06:50:52Z" finished-at="2019-03-26T06:50:52Z">
          <reporter-output>
          </reporter-output>
        </test-method> <!-- firstDevOpsTest -->
      </class> <!-- day2_DevOps.DevOps_Integration -->
    </test> <!-- Simple Test -->
  </suite> <!-- Example test run -->
</testng-results>
